# Hostname: gpua049.delta.ncsa.illinois.edu
# System Type: Linux
# Machine Type: x86_64
# Processor: x86_64
# Using GPU.
# System: Linux
# Node Name: gpua049.delta.ncsa.illinois.edu
# Release: 4.18.0-477.58.1.el8_8.x86_64
# Version: #1 SMP Wed May 22 13:46:53 EDT 2024
# Machine: x86_64
# Processor: x86_64
# Number of MPI ranks: 1
#
# norb: 108
# nelec: (16, 16)
#
# dt: 0.005
# n_eql: 5
# n_ene_blocks: 1
# n_sr_blocks: 5
# n_blocks: 200
# n_walkers: 200
# walker_type: rhf
# trial: ucisd
# n_prop_steps: 50
# seed: 879347
# orbital_rotation: True
# do_sr: True
# symmetry: False
# save_walkers: False
# ene0: 0.0
# free_projection: False
# n_batch: 1
#
# Equilibration sweeps:
#   Iter        Block energy      Walltime
#     0      -5.416697626e+02     4.77e+00 
#     1      -5.421236572e+02     6.12e+01 
#     2      -5.421289673e+02     1.17e+02 
#     3      -5.421235352e+02     1.67e+02 
#     4      -5.421212158e+02     2.18e+02 
#     5      -5.421260986e+02     2.69e+02 
#
# Sampling sweeps:
#  Iter        Mean energy          Stochastic error       Walltime
     0      -5.421296387e+02                -              2.79e+02 
    20      -5.421252757e+02        3.515121701e-03        3.82e+02 
    40      -5.421253607e+02        2.001704608e-03        4.86e+02 
    60      -5.421261337e+02        1.594799232e-03        5.89e+02 
    80      -5.421266903e+02        1.393467413e-03        6.92e+02 
   100      -5.421275226e+02        1.254544969e-03        7.96e+02 
   120      -5.421283727e+02        1.203986254e-03        8.99e+02 
   140      -5.421281754e+02        1.058080691e-03        1.00e+03 
   160      -5.421285787e+02        9.799691045e-04        1.11e+03 
   180      -5.421280992e+02        9.363318819e-04        1.21e+03 
#
# Number of large deviations: 0
# Number of outliers in post: 0 
#
# Mean: -5.42129064e+02
# Block size    # of blocks         Mean                Error
      1              200       -5.42129064e+02       8.990179e-04
      2              100       -5.42129064e+02       9.681419e-04
      5               40       -5.42129064e+02       1.022459e-03
     10               20       -5.42129064e+02       1.057809e-03
     20               10       -5.42129064e+02       1.405901e-03
     50                4       -5.42129064e+02       1.253300e-03
# Stocahstic error estimate: 1.057809e-03
#
AFQMC energy: -542.129 +/- 0.001

ph_afqmc walltime: 1308.1111102104187
