# Hostname: gpua045.delta.ncsa.illinois.edu
# System Type: Linux
# Machine Type: x86_64
# Processor: x86_64
# Using GPU.
# System: Linux
# Node Name: gpua045.delta.ncsa.illinois.edu
# Release: 4.18.0-477.70.1.el8_8.x86_64
# Version: #1 SMP Fri Aug 16 10:41:15 EDT 2024
# Machine: x86_64
# Processor: x86_64
# Number of MPI ranks: 1
#
# norb: 114
# nelec: (4, 4)
#
# dt: 0.005
# n_eql: 3
# n_ene_blocks: 1
# n_sr_blocks: 5
# n_blocks: 200
# n_walkers: 200
# walker_type: rhf
# trial: ucisd
# n_prop_steps: 50
# seed: 544065
# orbital_rotation: True
# do_sr: True
# symmetry: False
# save_walkers: False
# ene0: 0.0
# free_projection: False
# n_batch: 1
#
# Equilibration sweeps:
#   Iter        Block energy      Walltime
#     0      -7.635081432e+01     1.33e+01 
#     1      -7.635940552e+01     5.69e+01 
#     2      -7.636080933e+01     9.98e+01 
#     3      -7.635996246e+01     1.39e+02 
#
# Sampling sweeps:
#  Iter        Mean energy          Stochastic error       Walltime
     0      -7.636061096e+01                -              1.47e+02 
    20      -7.636019265e+01        5.007887012e-04        2.26e+02 
    40      -7.636000309e+01        3.046344027e-04        3.06e+02 
    60      -7.636033920e+01        2.444746475e-04        3.85e+02 
    80      -7.636015155e+01        2.015809788e-04        4.65e+02 
   100      -7.636018819e+01        1.650119335e-04        5.44e+02 
   120      -7.636017973e+01        1.443492869e-04        6.23e+02 
   140      -7.636016199e+01        1.333672091e-04        7.03e+02 
   160      -7.636010017e+01        1.222479480e-04        7.82e+02 
   180      -7.636006782e+01        1.154941501e-04        8.62e+02 
#
# Number of large deviations: 0
# Number of outliers in post: 0 
#
# Mean: -7.63600911e+01
# Block size    # of blocks         Mean                Error
      1              200       -7.63600911e+01       1.124121e-04
      2              100       -7.63600911e+01       1.118583e-04
      5               40       -7.63600911e+01       1.170203e-04
     10               20       -7.63600911e+01       1.204293e-04
     20               10       -7.63600911e+01       1.278536e-04
     50                4       -7.63600911e+01       9.316007e-05
# Stocahstic error estimate: 1.124121e-04
#
AFQMC energy: -76.3601 +/- 0.0001

ph_afqmc walltime: 937.1365048885345
