# Hostname: gpua073.delta.ncsa.illinois.edu
# System Type: Linux
# Machine Type: x86_64
# Processor: x86_64
# Using GPU.
# System: Linux
# Node Name: gpua073.delta.ncsa.illinois.edu
# Release: 4.18.0-477.70.1.el8_8.x86_64
# Version: #1 SMP Fri Aug 16 10:41:15 EDT 2024
# Machine: x86_64
# Processor: x86_64
# Number of MPI ranks: 1
#
# norb: 13
# nelec: (4, 2)
#
# dt: 0.005
# n_eql: 3
# n_ene_blocks: 1
# n_sr_blocks: 5
# n_blocks: 200
# n_walkers: 200
# walker_type: rhf
# trial: ucisd
# n_prop_steps: 50
# seed: 892960
# orbital_rotation: True
# do_sr: True
# symmetry: False
# save_walkers: False
# ene0: 0.0
# free_projection: False
# n_batch: 1
#
# Equilibration sweeps:
#   Iter        Block energy      Walltime
#     0      -7.490905413e+01     3.35e+00 
#     1      -7.490981293e+01     1.25e+01 
#     2      -7.490996552e+01     2.07e+01 
#     3      -7.491004944e+01     2.51e+01 
#
# Sampling sweeps:
#  Iter        Mean energy          Stochastic error       Walltime
     0      -7.490995789e+01                -              2.94e+01 
    20      -7.490985762e+01        5.034215896e-05        4.01e+01 
    40      -7.490989314e+01                -              5.08e+01 
    60      -7.490991375e+01        2.783553060e-05        6.16e+01 
    80      -7.490992106e+01        2.454425666e-05        7.23e+01 
   100      -7.490988869e+01        4.130808076e-05        8.30e+01 
   120      -7.490988221e+01        3.374008790e-05        9.36e+01 
   140      -7.490989370e+01        3.112149361e-05        1.04e+02 
   160      -7.490989257e+01        2.339544293e-05        1.15e+02 
   180      -7.490989831e+01        2.248681067e-05        1.26e+02 
#
# Number of large deviations: 0
# Number of outliers in post: 0 
#
# Mean: -7.49099021e+01
# Block size    # of blocks         Mean                Error
      1              200       -7.49099021e+01       1.751248e-05
      2              100       -7.49099021e+01       1.915418e-05
      5               40       -7.49099021e+01       2.155028e-05
     10               20       -7.49099021e+01       2.300500e-05
     20               10       -7.49099021e+01       2.187419e-05
     50                4       -7.49099021e+01       9.005675e-06
# Stocahstic error estimate: 2.300500e-05
#
AFQMC energy: -74.90990 +/- 0.00002

ph_afqmc walltime: 135.38074111938477
